<?xml version="1.0" encoding="UTF-8"?>
<testng-results skipped="0" failed="0" total="2" passed="2">
  <reporter-output>
  </reporter-output>
  <suite name="Suite" duration-ms="22377" started-at="2022-03-14T17:03:55Z" finished-at="2022-03-14T17:04:17Z">
    <groups>
    </groups>
    <test name="Test" duration-ms="22377" started-at="2022-03-14T17:03:55Z" finished-at="2022-03-14T17:04:17Z">
      <class name="tests.TestLoginPage">
        <test-method status="PASS" signature="invalidUsernameAndPassword_LoginTest(java.lang.String, java.lang.String)[pri:0, instance:tests.TestLoginPage@4bec1f0c]" name="invalidUsernameAndPassword_LoginTest" duration-ms="1291" started-at="2022-03-14T18:04:15Z" finished-at="2022-03-14T18:04:16Z">
          <params>
            <param index="0">
              <value>
                <![CDATA[chromeauto11]]>
              </value>
            </param>
            <param index="1">
              <value>
                <![CDATA[usertest23]]>
              </value>
            </param>
          </params>
          <reporter-output>
          </reporter-output>
        </test-method> <!-- invalidUsernameAndPassword_LoginTest -->
      </class> <!-- tests.TestLoginPage -->
      <class name="tests.TestMainPage">
        <test-method status="PASS" signature="setup()[pri:0, instance:tests.TestMainPage@73846619]" name="setup" is-config="true" duration-ms="16491" started-at="2022-03-14T18:03:55Z" finished-at="2022-03-14T18:04:11Z">
          <reporter-output>
          </reporter-output>
        </test-method> <!-- setup -->
        <test-method status="PASS" signature="verifyTitle_and_user_able_to_navigate_to_loginLink(java.lang.String)[pri:0, instance:tests.TestMainPage@73846619]" name="verifyTitle_and_user_able_to_navigate_to_loginLink" duration-ms="3335" started-at="2022-03-14T18:04:11Z" finished-at="2022-03-14T18:04:15Z">
          <params>
            <param index="0">
              <value>
                <![CDATA[Automation Engineering]]>
              </value>
            </param>
          </params>
          <reporter-output>
          </reporter-output>
        </test-method> <!-- verifyTitle_and_user_able_to_navigate_to_loginLink -->
        <test-method status="PASS" signature="teardown()[pri:0, instance:tests.TestMainPage@73846619]" name="teardown" is-config="true" duration-ms="1099" started-at="2022-03-14T18:04:16Z" finished-at="2022-03-14T18:04:17Z">
          <reporter-output>
          </reporter-output>
        </test-method> <!-- teardown -->
      </class> <!-- tests.TestMainPage -->
    </test> <!-- Test -->
  </suite> <!-- Suite -->
</testng-results>
